<?xml version="1.0" encoding="UTF-8"?>
<!-- Generated by org.testng.reporters.JUnitXMLReporter -->
<testsuite ignored="0" hostname="olesya-comp" failures="0" tests="4" name="Default test" time="4.213" errors="0" timestamp="23 Oct 2024 08:07:04 GMT">
  <testcase classname="APITest.Pet" name="addPet" time="2.209"/>
  <testcase classname="APITest.Pet" name="getPetById" time="0.666"/>
  <testcase classname="APITest.Pet" name="updatePet" time="0.643"/>
  <testcase classname="APITest.Pet" name="deletePetById" time="0.64"/>
</testsuite> <!-- Default test -->
