<?xml version="1.0" encoding="UTF-8"?>
<!-- Generated by org.testng.reporters.JUnitXMLReporter -->
<testsuite ignored="0" hostname="olesya-comp" failures="1" tests="2" name="Open positions" time="16.704" errors="0" timestamp="23 Oct 2024 13:16:29 GMT">
  <testcase classname="TestInsider.HRRole" name="viewrulebutton" time="16.675"/>
  <testcase classname="TestInsider.SeeQA" name="sampleOne" time="0.003">
    <failure type="java.lang.Error" message="Unresolved compilation problem: 
	Syntax error, insert &amp;quot;)&amp;quot; to complete Expression
">
      <![CDATA[java.lang.Error: Unresolved compilation problem: 
	Syntax error, insert ")" to complete Expression

	at TestInsider.SeeQA.sampleOne(SeeQA.java:71)
... Removed 23 stack frames]]>
    </failure>
  </testcase> <!-- sampleOne -->
</testsuite> <!-- Open positions -->
