<?xml version="1.0" encoding="UTF-8"?>
<testng-results ignored="0" total="4" passed="4" failed="0" skipped="0">
  <reporter-output>
  </reporter-output>
  <suite started-at="2024-11-06T12:09:38Z" name="Default suite" finished-at="2024-11-06T12:09:42Z" duration-ms="4475">
    <groups>
    </groups>
    <test started-at="2024-11-06T12:09:38Z" name="Default test" finished-at="2024-11-06T12:09:42Z" duration-ms="4475">
      <class name="APITest.Pet">
        <test-method signature="addPet(org.json.JSONObject)[pri:1, instance:APITest.Pet@13df2a8c]" started-at="2024-11-06T13:09:38Z" name="addPet" data-provider="testjson" finished-at="2024-11-06T13:09:40Z" duration-ms="2268" status="PASS">
          <params>
            <param index="0">
              <value>
                <![CDATA[{"photoUrls":["https://example.com/photo1.jpg","https://example.com/photo2.jpg"],"name":"Dymka","id":12345,"category":{"name":"Cat","id":1},"tags":[{"name":"Cattag","id":101}],"status":"pending"}]]>
              </value>
            </param>
          </params>
          <reporter-output>
          </reporter-output>
        </test-method> <!-- addPet -->
        <test-method signature="getPetById()[pri:2, instance:APITest.Pet@13df2a8c]" started-at="2024-11-06T13:09:40Z" name="getPetById" finished-at="2024-11-06T13:09:41Z" duration-ms="743" status="PASS">
          <reporter-output>
          </reporter-output>
        </test-method> <!-- getPetById -->
        <test-method signature="updatePet()[pri:3, instance:APITest.Pet@13df2a8c]" started-at="2024-11-06T13:09:41Z" name="updatePet" finished-at="2024-11-06T13:09:41Z" duration-ms="713" status="PASS">
          <reporter-output>
          </reporter-output>
        </test-method> <!-- updatePet -->
        <test-method signature="deletePetById()[pri:4, instance:APITest.Pet@13df2a8c]" started-at="2024-11-06T13:09:41Z" name="deletePetById" finished-at="2024-11-06T13:09:42Z" duration-ms="708" status="PASS">
          <reporter-output>
          </reporter-output>
        </test-method> <!-- deletePetById -->
      </class> <!-- APITest.Pet -->
    </test> <!-- Default test -->
  </suite> <!-- Default suite -->
</testng-results>
