<?xml version="1.0" encoding="UTF-8"?>
<!-- Generated by org.testng.reporters.JUnitXMLReporter -->
<testsuite ignored="0" hostname="olesya-comp" failures="0" tests="4" name="Default test" time="4.475" errors="0" timestamp="06 Nov 2024 12:09:42 GMT">
  <testcase classname="APITest.Pet" name="addPet" time="2.268"/>
  <testcase classname="APITest.Pet" name="getPetById" time="0.743"/>
  <testcase classname="APITest.Pet" name="updatePet" time="0.713"/>
  <testcase classname="APITest.Pet" name="deletePetById" time="0.708"/>
</testsuite> <!-- Default test -->
