<?xml version="1.0" encoding="UTF-8"?>
<testng-results ignored="0" total="2" passed="1" failed="1" skipped="0">
  <reporter-output>
  </reporter-output>
  <suite started-at="2024-10-23T13:16:13Z" name="UItest" finished-at="2024-10-23T13:16:29Z" duration-ms="16704">
    <groups>
    </groups>
    <test started-at="2024-10-23T13:16:13Z" name="Open positions" finished-at="2024-10-23T13:16:29Z" duration-ms="16704">
      <class name="TestInsider.SeeQA">
        <test-method signature="sampleOne(java.lang.String)[pri:0, instance:TestInsider.SeeQA@71075444]" started-at="2024-10-23T15:16:29Z" name="sampleOne" finished-at="2024-10-23T15:16:29Z" duration-ms="3" status="FAIL">
          <params>
            <param index="0">
              <value>
                <![CDATA[FireFox]]>
              </value>
            </param>
          </params>
          <exception class="java.lang.Error">
            <message>
              <![CDATA[Unresolved compilation problem: 
	Syntax error, insert ")" to complete Expression
]]>
            </message>
            <full-stacktrace>
              <![CDATA[java.lang.Error: Unresolved compilation problem: 
	Syntax error, insert ")" to complete Expression

	at TestInsider.SeeQA.sampleOne(SeeQA.java:71)
	at java.base/jdk.internal.reflect.DirectMethodHandleAccessor.invoke(DirectMethodHandleAccessor.java:104)
	at java.base/java.lang.reflect.Method.invoke(Method.java:578)
	at org.testng.internal.MethodInvocationHelper.invokeMethod(MethodInvocationHelper.java:108)
	at org.testng.internal.Invoker.invokeMethod(Invoker.java:661)
	at org.testng.internal.Invoker.invokeTestMethod(Invoker.java:869)
	at org.testng.internal.Invoker.invokeTestMethods(Invoker.java:1193)
	at org.testng.internal.TestMethodWorker.invokeTestMethods(TestMethodWorker.java:126)
	at org.testng.internal.TestMethodWorker.run(TestMethodWorker.java:109)
	at org.testng.TestRunner.privateRun(TestRunner.java:744)
	at org.testng.TestRunner.run(TestRunner.java:602)
	at org.testng.SuiteRunner.runTest(SuiteRunner.java:380)
	at org.testng.SuiteRunner.runSequentially(SuiteRunner.java:375)
	at org.testng.SuiteRunner.privateRun(SuiteRunner.java:340)
	at org.testng.SuiteRunner.run(SuiteRunner.java:289)
	at org.testng.SuiteRunnerWorker.runSuite(SuiteRunnerWorker.java:52)
	at org.testng.SuiteRunnerWorker.run(SuiteRunnerWorker.java:86)
	at org.testng.TestNG.runSuitesSequentially(TestNG.java:1301)
	at org.testng.TestNG.runSuitesLocally(TestNG.java:1226)
	at org.testng.TestNG.runSuites(TestNG.java:1144)
	at org.testng.TestNG.run(TestNG.java:1115)
	at org.testng.remote.AbstractRemoteTestNG.run(AbstractRemoteTestNG.java:115)
	at org.testng.remote.RemoteTestNG.initAndRun(RemoteTestNG.java:251)
	at org.testng.remote.RemoteTestNG.main(RemoteTestNG.java:77)
]]>
            </full-stacktrace>
          </exception> <!-- java.lang.Error -->
          <reporter-output>
          </reporter-output>
        </test-method> <!-- sampleOne -->
      </class> <!-- TestInsider.SeeQA -->
      <class name="TestInsider.HRRole">
        <test-method signature="viewrulebutton(java.lang.String)[pri:0, instance:TestInsider.HRRole@5a59ca5e]" started-at="2024-10-23T15:16:13Z" name="viewrulebutton" finished-at="2024-10-23T15:16:29Z" duration-ms="16675" status="PASS">
          <params>
            <param index="0">
              <value>
                <![CDATA[FireFox]]>
              </value>
            </param>
          </params>
          <reporter-output>
          </reporter-output>
        </test-method> <!-- viewrulebutton -->
      </class> <!-- TestInsider.HRRole -->
    </test> <!-- Open positions -->
  </suite> <!-- UItest -->
</testng-results>
